1764538365.106151 2025-11-30 21:32:45 MainProcess-3365 MainThread-140426504401024 parsl.dataflow.dflow:99 __init__ INFO: Starting DataFlowKernel with config
Config(
    app_cache=True, 
    checkpoint_files=None, 
    checkpoint_mode=None, 
    checkpoint_period=None, 
    dependency_resolver=None, 
    executors=(ThreadPoolExecutor(
        label='threads', 
        max_threads=4, 
        remote_monitoring_radio=<parsl.monitoring.radios.multiprocessing.MultiprocessingQueueRadio object at 0x7fb79774f170>, 
        storage_access=None, 
        thread_name_prefix='ThreadPoolExecutor-threads', 
        working_dir=None
    ),), 
    exit_mode='cleanup', 
    garbage_collect=True, 
    initialize_logging=True, 
    internal_tasks_max_threads=10, 
    max_idletime=120.0, 
    monitoring=None, 
    project_name=None, 
    retries=0, 
    retry_handler=None, 
    run_dir='runinfo', 
    std_autopath=None, 
    strategy='simple', 
    strategy_period=5, 
    usage_tracking=0
)
1764538365.106292 2025-11-30 21:32:45 MainProcess-3365 MainThread-140426504401024 parsl.dataflow.dflow:101 __init__ INFO: Parsl version: 2025.11.24
1764538365.106363 2025-11-30 21:32:45 MainProcess-3365 MainThread-140426504401024 parsl.usage_tracking.usage:119 __init__ DEBUG: Tracking level: 0
1764538365.106415 2025-11-30 21:32:45 MainProcess-3365 MainThread-140426504401024 parsl.dataflow.dflow:124 __init__ INFO: Run id is: 274c2838-343f-4b09-a425-09138fad68be
1764538365.128826 2025-11-30 21:32:45 MainProcess-3365 MainThread-140426504401024 parsl.dataflow.dflow:131 __init__ DEBUG: Considering candidate for workflow name: /home/runner/.local/lib/python3.12/site-packages/parsl/dataflow/dflow.py
1764538365.128899 2025-11-30 21:32:45 MainProcess-3365 MainThread-140426504401024 parsl.dataflow.dflow:131 __init__ DEBUG: Considering candidate for workflow name: /home/runner/.local/lib/python3.12/site-packages/parsl/dataflow/dflow.py
1764538365.128928 2025-11-30 21:32:45 MainProcess-3365 MainThread-140426504401024 parsl.dataflow.dflow:131 __init__ DEBUG: Considering candidate for workflow name: <stdin>
1764538365.128952 2025-11-30 21:32:45 MainProcess-3365 MainThread-140426504401024 parsl.dataflow.dflow:137 __init__ DEBUG: Using <stdin> as workflow name
1764538365.129108 2025-11-30 21:32:45 MainProcess-3365 MainThread-140426504401024 parsl.dataflow.memoization:190 start INFO: App caching initialized
1764538365.129149 2025-11-30 21:32:45 MainProcess-3365 MainThread-140426504401024 parsl.jobs.strategy:145 __init__ DEBUG: Scaling strategy: simple
1764538365.129417 2025-11-30 21:32:45 MainProcess-3365 JobStatusPoller-Timer-Thread-140426473893152-140426453448384 parsl.jobs.strategy:184 _general_strategy DEBUG: general strategy starting with strategy_type simple for 0 executors
1764538365.129487 2025-11-30 21:32:45 MainProcess-3365 JobStatusPoller-Timer-Thread-140426473893152-140426453448384 parsl.process_loggers:27 wrapped DEBUG: Normal ending for _general_strategy on thread JobStatusPoller-Timer-Thread-140426473893152
1764538365.131185 2025-11-30 21:32:45 MainProcess-3365 MainThread-140426504401024 parsl.dataflow.dflow:973 submit DEBUG: Task 0 will be sent to executor threads
1764538365.131256 2025-11-30 21:32:45 MainProcess-3365 MainThread-140426504401024 parsl.dataflow.dflow:781 _add_output_deps DEBUG: Adding output dependencies
1764538365.131289 2025-11-30 21:32:45 MainProcess-3365 MainThread-140426504401024 parsl.dataflow.dflow:1022 submit DEBUG: Added output dependencies
1764538365.131313 2025-11-30 21:32:45 MainProcess-3365 MainThread-140426504401024 parsl.dataflow.dflow:1031 submit DEBUG: Gathering dependencies
1764538365.131372 2025-11-30 21:32:45 MainProcess-3365 MainThread-140426504401024 parsl.dataflow.dflow:1034 submit DEBUG: Gathered dependencies
1764538365.131400 2025-11-30 21:32:45 MainProcess-3365 MainThread-140426504401024 parsl.dataflow.dflow:1046 submit INFO: Task 0 submitted for App add, not waiting on any dependency
1764538365.131437 2025-11-30 21:32:45 MainProcess-3365 MainThread-140426504401024 parsl.dataflow.dflow:1056 submit DEBUG: Task 0 set to pending state with AppFuture: <AppFuture at 0x7fb79508f290 state=pending>
1764538365.131659 2025-11-30 21:32:45 MainProcess-3365 Task-Launch_0-140426436667072 parsl.dataflow.memoization:269 check_memo DEBUG: Task 0 will not be memoized
1764538365.131915 2025-11-30 21:32:45 MainProcess-3365 Task-Launch_0-140426436667072 parsl.dataflow.dflow:739 launch_task INFO: Parsl task 0 try 0 launched on executor threads
1764538365.131968 2025-11-30 21:32:45 MainProcess-3365 Task-Launch_0-140426436667072 parsl.dataflow.dflow:1237 log_std_stream INFO: Standard out for task 0 will not be redirected.
1764538365.131995 2025-11-30 21:32:45 MainProcess-3365 Task-Launch_0-140426436667072 parsl.dataflow.dflow:1237 log_std_stream INFO: Standard error for task 0 will not be redirected.
1764538365.132036 2025-11-30 21:32:45 MainProcess-3365 Task-Launch_0-140426436667072 parsl.dataflow.dflow:539 _complete_task_result INFO: Task 0 completed (launched -> exec_done)
1764538365.132082 2025-11-30 21:32:45 MainProcess-3365 Task-Launch_0-140426436667072 parsl.dataflow.dflow:1237 log_std_stream INFO: Standard out for task 0 will not be redirected.
1764538365.132112 2025-11-30 21:32:45 MainProcess-3365 Task-Launch_0-140426436667072 parsl.dataflow.dflow:1237 log_std_stream INFO: Standard error for task 0 will not be redirected.
1764538365.132139 2025-11-30 21:32:45 MainProcess-3365 Task-Launch_0-140426436667072 parsl.process_loggers:27 wrapped DEBUG: Normal ending for _launch_if_ready_async on thread Task-Launch_0
1764538365.132395 2025-11-30 21:32:45 MainProcess-3365 MainThread-140426504401024 parsl.dataflow.dflow:1125 atexit_cleanup WARNING: Python is exiting with a DFK still running. You should call parsl.dfk().cleanup() before exiting to release any resources
