1764538806.518652 2025-11-30 21:40:06 MainProcess-3757 MainThread-140432809799808 parsl.dataflow.dflow:99 __init__ INFO: Starting DataFlowKernel with config
Config(
    app_cache=True, 
    checkpoint_files=None, 
    checkpoint_mode=None, 
    checkpoint_period=None, 
    dependency_resolver=None, 
    executors=(ThreadPoolExecutor(
        label='local_threads', 
        max_threads=4, 
        remote_monitoring_radio=<parsl.monitoring.radios.multiprocessing.MultiprocessingQueueRadio object at 0x7fb7807265d0>, 
        storage_access=None, 
        thread_name_prefix='ThreadPoolExecutor-local_threads', 
        working_dir=None
    ),), 
    exit_mode='cleanup', 
    garbage_collect=True, 
    initialize_logging=True, 
    internal_tasks_max_threads=10, 
    max_idletime=120.0, 
    monitoring=None, 
    project_name=None, 
    retries=0, 
    retry_handler=None, 
    run_dir='runinfo', 
    std_autopath=None, 
    strategy='simple', 
    strategy_period=5, 
    usage_tracking=0
)
1764538806.518798 2025-11-30 21:40:06 MainProcess-3757 MainThread-140432809799808 parsl.dataflow.dflow:101 __init__ INFO: Parsl version: 2025.11.24
1764538806.518920 2025-11-30 21:40:06 MainProcess-3757 MainThread-140432809799808 parsl.usage_tracking.usage:119 __init__ DEBUG: Tracking level: 0
1764538806.519014 2025-11-30 21:40:06 MainProcess-3757 MainThread-140432809799808 parsl.dataflow.dflow:124 __init__ INFO: Run id is: a12b45ca-5df2-4316-886c-30e31cfbefec
1764538806.520235 2025-11-30 21:40:06 MainProcess-3757 MainThread-140432809799808 parsl.dataflow.dflow:131 __init__ DEBUG: Considering candidate for workflow name: /home/runner/work/AutoTSC/AutoTSC/.venv/lib/python3.12/site-packages/parsl/dataflow/dflow.py
1764538806.520325 2025-11-30 21:40:06 MainProcess-3757 MainThread-140432809799808 parsl.dataflow.dflow:131 __init__ DEBUG: Considering candidate for workflow name: /home/runner/work/AutoTSC/AutoTSC/.venv/lib/python3.12/site-packages/parsl/dataflow/dflow.py
1764538806.520398 2025-11-30 21:40:06 MainProcess-3757 MainThread-140432809799808 parsl.dataflow.dflow:131 __init__ DEBUG: Considering candidate for workflow name: /home/runner/work/AutoTSC/AutoTSC/autotsc/models.py
1764538806.520458 2025-11-30 21:40:06 MainProcess-3757 MainThread-140432809799808 parsl.dataflow.dflow:137 __init__ DEBUG: Using models.py as workflow name
1764538806.520601 2025-11-30 21:40:06 MainProcess-3757 MainThread-140432809799808 parsl.dataflow.memoization:190 start INFO: App caching initialized
1764538806.520680 2025-11-30 21:40:06 MainProcess-3757 MainThread-140432809799808 parsl.jobs.strategy:145 __init__ DEBUG: Scaling strategy: simple
1764538806.520935 2025-11-30 21:40:06 MainProcess-3757 JobStatusPoller-Timer-Thread-140426104365584-140424123504320 parsl.jobs.strategy:184 _general_strategy DEBUG: general strategy starting with strategy_type simple for 0 executors
1764538806.521161 2025-11-30 21:40:06 MainProcess-3757 MainThread-140432809799808 parsl.dataflow.dflow:973 submit DEBUG: Task 0 will be sent to executor local_threads
1764538806.521298 2025-11-30 21:40:06 MainProcess-3757 JobStatusPoller-Timer-Thread-140426104365584-140424123504320 parsl.process_loggers:27 wrapped DEBUG: Normal ending for _general_strategy on thread JobStatusPoller-Timer-Thread-140426104365584
1764538806.521440 2025-11-30 21:40:06 MainProcess-3757 MainThread-140432809799808 parsl.dataflow.dflow:781 _add_output_deps DEBUG: Adding output dependencies
1764538806.521623 2025-11-30 21:40:06 MainProcess-3757 MainThread-140432809799808 parsl.dataflow.dflow:1022 submit DEBUG: Added output dependencies
1764538806.521688 2025-11-30 21:40:06 MainProcess-3757 MainThread-140432809799808 parsl.dataflow.dflow:1031 submit DEBUG: Gathering dependencies
1764538806.521757 2025-11-30 21:40:06 MainProcess-3757 MainThread-140432809799808 parsl.dataflow.dflow:1034 submit DEBUG: Gathered dependencies
1764538806.521815 2025-11-30 21:40:06 MainProcess-3757 MainThread-140432809799808 parsl.dataflow.dflow:1046 submit INFO: Task 0 submitted for App parsl_run_predict_proba_wrapper, not waiting on any dependency
1764538806.521910 2025-11-30 21:40:06 MainProcess-3757 MainThread-140432809799808 parsl.dataflow.dflow:1056 submit DEBUG: Task 0 set to pending state with AppFuture: <AppFuture at 0x7fb780116270 state=pending>
1764538806.522387 2025-11-30 21:40:06 MainProcess-3757 Task-Launch_0-140423888631488 parsl.dataflow.memoization:269 check_memo DEBUG: Task 0 will not be memoized
1764538806.522452 2025-11-30 21:40:06 MainProcess-3757 MainThread-140432809799808 parsl.dataflow.dflow:973 submit DEBUG: Task 1 will be sent to executor local_threads
1764538806.523471 2025-11-30 21:40:06 MainProcess-3757 MainThread-140432809799808 parsl.dataflow.dflow:781 _add_output_deps DEBUG: Adding output dependencies
1764538806.523532 2025-11-30 21:40:06 MainProcess-3757 Task-Launch_0-140423888631488 parsl.dataflow.dflow:739 launch_task INFO: Parsl task 0 try 0 launched on executor local_threads
1764538806.523739 2025-11-30 21:40:06 MainProcess-3757 MainThread-140432809799808 parsl.dataflow.dflow:1022 submit DEBUG: Added output dependencies
1764538806.524604 2025-11-30 21:40:06 MainProcess-3757 Task-Launch_0-140423888631488 parsl.dataflow.dflow:1237 log_std_stream INFO: Standard out for task 0 will not be redirected.
1764538806.524805 2025-11-30 21:40:06 MainProcess-3757 MainThread-140432809799808 parsl.dataflow.dflow:1031 submit DEBUG: Gathering dependencies
1764538806.525096 2025-11-30 21:40:06 MainProcess-3757 Task-Launch_0-140423888631488 parsl.dataflow.dflow:1237 log_std_stream INFO: Standard error for task 0 will not be redirected.
1764538806.525358 2025-11-30 21:40:06 MainProcess-3757 MainThread-140432809799808 parsl.dataflow.dflow:1034 submit DEBUG: Gathered dependencies
1764538806.525512 2025-11-30 21:40:06 MainProcess-3757 Task-Launch_0-140423888631488 parsl.process_loggers:27 wrapped DEBUG: Normal ending for _launch_if_ready_async on thread Task-Launch_0
1764538806.525975 2025-11-30 21:40:06 MainProcess-3757 MainThread-140432809799808 parsl.dataflow.dflow:1046 submit INFO: Task 1 submitted for App parsl_run_predict_proba_wrapper, not waiting on any dependency
1764538806.527525 2025-11-30 21:40:06 MainProcess-3757 MainThread-140432809799808 parsl.dataflow.dflow:1056 submit DEBUG: Task 1 set to pending state with AppFuture: <AppFuture at 0x7fb7803fa540 state=pending>
1764538806.527691 2025-11-30 21:40:06 MainProcess-3757 Task-Launch_0-140423888631488 parsl.dataflow.memoization:269 check_memo DEBUG: Task 1 will not be memoized
1764538806.528238 2025-11-30 21:40:06 MainProcess-3757 Task-Launch_0-140423888631488 parsl.dataflow.dflow:739 launch_task INFO: Parsl task 1 try 0 launched on executor local_threads
1764538806.528546 2025-11-30 21:40:06 MainProcess-3757 Task-Launch_0-140423888631488 parsl.dataflow.dflow:1237 log_std_stream INFO: Standard out for task 1 will not be redirected.
1764538806.528634 2025-11-30 21:40:06 MainProcess-3757 Task-Launch_0-140423888631488 parsl.dataflow.dflow:1237 log_std_stream INFO: Standard error for task 1 will not be redirected.
1764538806.528713 2025-11-30 21:40:06 MainProcess-3757 Task-Launch_0-140423888631488 parsl.process_loggers:27 wrapped DEBUG: Normal ending for _launch_if_ready_async on thread Task-Launch_0
1764538806.552033 2025-11-30 21:40:06 MainProcess-3757 ThreadPoolExecutor-local_threads_1-140423351760576 parsl.dataflow.dflow:539 _complete_task_result INFO: Task 1 completed (launched -> exec_done)
1764538806.552181 2025-11-30 21:40:06 MainProcess-3757 ThreadPoolExecutor-local_threads_1-140423351760576 parsl.dataflow.dflow:1237 log_std_stream INFO: Standard out for task 1 will not be redirected.
1764538806.552290 2025-11-30 21:40:06 MainProcess-3757 ThreadPoolExecutor-local_threads_1-140423351760576 parsl.dataflow.dflow:1237 log_std_stream INFO: Standard error for task 1 will not be redirected.
1764538807.793084 2025-11-30 21:40:07 MainProcess-3757 JobStatusPoller-Timer-Thread-140426145320160-140426144814784 parsl.jobs.strategy:184 _general_strategy DEBUG: general strategy starting with strategy_type simple for 0 executors
1764538807.793310 2025-11-30 21:40:07 MainProcess-3757 JobStatusPoller-Timer-Thread-140426145320160-140426144814784 parsl.process_loggers:27 wrapped DEBUG: Normal ending for _general_strategy on thread JobStatusPoller-Timer-Thread-140426145320160
1764538808.174932 2025-11-30 21:40:08 MainProcess-3757 ThreadPoolExecutor-local_threads_0-140423871850176 parsl.dataflow.dflow:539 _complete_task_result INFO: Task 0 completed (launched -> exec_done)
1764538808.175176 2025-11-30 21:40:08 MainProcess-3757 ThreadPoolExecutor-local_threads_0-140423871850176 parsl.dataflow.dflow:1237 log_std_stream INFO: Standard out for task 0 will not be redirected.
1764538808.175618 2025-11-30 21:40:08 MainProcess-3757 ThreadPoolExecutor-local_threads_0-140423871850176 parsl.dataflow.dflow:1237 log_std_stream INFO: Standard error for task 0 will not be redirected.
1764538809.456658 2025-11-30 21:40:09 MainProcess-3757 MainThread-140432809799808 parsl.dataflow.dflow:1125 atexit_cleanup WARNING: Python is exiting with a DFK still running. You should call parsl.dfk().cleanup() before exiting to release any resources
1764538809.457699 2025-11-30 21:40:09 MainProcess-3757 MainThread-140432809799808 parsl.dataflow.dflow:1125 atexit_cleanup WARNING: Python is exiting with a DFK still running. You should call parsl.dfk().cleanup() before exiting to release any resources
1764538809.457789 2025-11-30 21:40:09 MainProcess-3757 MainThread-140432809799808 parsl.dataflow.dflow:1125 atexit_cleanup WARNING: Python is exiting with a DFK still running. You should call parsl.dfk().cleanup() before exiting to release any resources
1764538809.457835 2025-11-30 21:40:09 MainProcess-3757 MainThread-140432809799808 parsl.dataflow.dflow:1125 atexit_cleanup WARNING: Python is exiting with a DFK still running. You should call parsl.dfk().cleanup() before exiting to release any resources
